99.01.05 11:22 A D:\Brian\matlab\oceans\Airmas1_.m <-- color.mlml.calstate.edu /pub/incoming/brian Airmas1_.m
99.01.05 11:22 A D:\Brian\matlab\oceans\Airmas2_.m <-- color.mlml.calstate.edu /pub/incoming/brian Airmas2_.m
99.01.05 11:22 A D:\Brian\matlab\oceans\Airmass_.m <-- color.mlml.calstate.edu /pub/incoming/brian Airmass_.m
99.01.05 11:22 A D:\Brian\matlab\oceans\ALMANAC_.M <-- color.mlml.calstate.edu /pub/incoming/brian ALMANAC_.M
99.01.05 11:22 A D:\Brian\matlab\oceans\ALTAZM_.M <-- color.mlml.calstate.edu /pub/incoming/brian ALTAZM_.M
99.01.05 11:22 A D:\Brian\matlab\oceans\ANALEMA_.M <-- color.mlml.calstate.edu /pub/incoming/brian ANALEMA_.M
99.01.05 11:22 A D:\Brian\matlab\oceans\ATG_.M <-- color.mlml.calstate.edu /pub/incoming/brian ATG_.M
99.01.05 11:22 A D:\Brian\matlab\oceans\BIN2INT_.M <-- color.mlml.calstate.edu /pub/incoming/brian BIN2INT_.M
99.01.05 11:22 A D:\Brian\matlab\oceans\BO4K1_.M <-- color.mlml.calstate.edu /pub/incoming/brian BO4K1_.M
99.01.05 11:22 A D:\Brian\matlab\oceans\BULKMOD_.M <-- color.mlml.calstate.edu /pub/incoming/brian BULKMOD_.M
99.01.05 11:22 A D:\Brian\matlab\oceans\C2T_.M <-- color.mlml.calstate.edu /pub/incoming/brian C2T_.M
99.01.05 11:22 A D:\Brian\matlab\oceans\Caldate_.m <-- color.mlml.calstate.edu /pub/incoming/brian Caldate_.m
99.01.05 11:22 A D:\Brian\matlab\oceans\CELERTY_.M <-- color.mlml.calstate.edu /pub/incoming/brian CELERTY_.M
99.01.05 11:22 A D:\Brian\matlab\oceans\CO2K1_.M <-- color.mlml.calstate.edu /pub/incoming/brian CO2K1_.M
99.01.05 11:22 A D:\Brian\matlab\oceans\CO2K2_.M <-- color.mlml.calstate.edu /pub/incoming/brian CO2K2_.M
99.01.05 11:22 A D:\Brian\matlab\oceans\CO2SOL_.M <-- color.mlml.calstate.edu /pub/incoming/brian CO2SOL_.M
99.01.05 11:22 A D:\Brian\matlab\oceans\CONDUCT_.M <-- color.mlml.calstate.edu /pub/incoming/brian CONDUCT_.M
99.01.05 11:22 A D:\Brian\matlab\oceans\Contents.m <-- color.mlml.calstate.edu /pub/incoming/brian Contents.m
99.01.05 11:22 A D:\Brian\matlab\oceans\DATEFMT_.M <-- color.mlml.calstate.edu /pub/incoming/brian DATEFMT_.M
99.01.05 11:22 A D:\Brian\matlab\oceans\DAYNITE_.M <-- color.mlml.calstate.edu /pub/incoming/brian DAYNITE_.M
99.01.05 11:22 A D:\Brian\matlab\oceans\DEADRKN_.M <-- color.mlml.calstate.edu /pub/incoming/brian DEADRKN_.M
99.01.05 11:22 A D:\Brian\matlab\oceans\DEC2BIN_.M <-- color.mlml.calstate.edu /pub/incoming/brian DEC2BIN_.M
99.01.05 11:22 A D:\Brian\matlab\oceans\DEC2BN2_.M <-- color.mlml.calstate.edu /pub/incoming/brian DEC2BN2_.M
99.01.05 11:22 A D:\Brian\matlab\oceans\DEG2DMS_.M <-- color.mlml.calstate.edu /pub/incoming/brian DEG2DMS_.M
99.01.05 11:22 A D:\Brian\matlab\oceans\DEG2RAD_.M <-- color.mlml.calstate.edu /pub/incoming/brian DEG2RAD_.M
99.01.05 11:22 A D:\Brian\matlab\oceans\DELTA_.M <-- color.mlml.calstate.edu /pub/incoming/brian DELTA_.M
99.01.05 11:22 A D:\Brian\matlab\oceans\DENSITY_.M <-- color.mlml.calstate.edu /pub/incoming/brian DENSITY_.M
99.01.05 11:22 A D:\Brian\matlab\oceans\DEPTH_.M <-- color.mlml.calstate.edu /pub/incoming/brian DEPTH_.M
99.01.05 11:22 A D:\Brian\matlab\oceans\DIRLIST.M <-- color.mlml.calstate.edu /pub/incoming/brian DIRLIST.M
99.01.05 11:22 A D:\Brian\matlab\oceans\dirplist.m <-- color.mlml.calstate.edu /pub/incoming/brian dirplist.m
99.01.05 11:22 A D:\Brian\matlab\oceans\dmerid.m <-- color.mlml.calstate.edu /pub/incoming/brian dmerid.m
99.01.05 11:22 A D:\Brian\matlab\oceans\DMS2DEG_.M <-- color.mlml.calstate.edu /pub/incoming/brian DMS2DEG_.M
99.01.05 11:22 A D:\Brian\matlab\oceans\dround_.m <-- color.mlml.calstate.edu /pub/incoming/brian dround_.m
99.01.05 11:22 A D:\Brian\matlab\oceans\EKMANMU_.M <-- color.mlml.calstate.edu /pub/incoming/brian EKMANMU_.M
99.01.05 11:22 A D:\Brian\matlab\oceans\EPHEMS_.M <-- color.mlml.calstate.edu /pub/incoming/brian EPHEMS_.M
99.01.05 11:22 A D:\Brian\matlab\oceans\ERTHSUN_.M <-- color.mlml.calstate.edu /pub/incoming/brian ERTHSUN_.M
99.01.05 11:22 A D:\Brian\matlab\oceans\FILDATE_.M <-- color.mlml.calstate.edu /pub/incoming/brian FILDATE_.M
99.01.05 11:22 A D:\Brian\matlab\oceans\FINDIGT_.M <-- color.mlml.calstate.edu /pub/incoming/brian FINDIGT_.M
99.01.05 11:22 A D:\Brian\matlab\oceans\FRC2PI_.M <-- color.mlml.calstate.edu /pub/incoming/brian FRC2PI_.M
99.01.05 11:22 A D:\Brian\matlab\oceans\FREEZE_.M <-- color.mlml.calstate.edu /pub/incoming/brian FREEZE_.M
99.01.05 11:22 A D:\Brian\matlab\oceans\FRESNEL_.M <-- color.mlml.calstate.edu /pub/incoming/brian FRESNEL_.M
99.01.05 11:22 A D:\Brian\matlab\oceans\FUN_COPY.M <-- color.mlml.calstate.edu /pub/incoming/brian FUN_COPY.M
99.01.05 11:22 A D:\Brian\matlab\oceans\FUN_REQ.M <-- color.mlml.calstate.edu /pub/incoming/brian FUN_REQ.M
99.01.05 11:22 A D:\Brian\matlab\oceans\FUN_USED.M <-- color.mlml.calstate.edu /pub/incoming/brian FUN_USED.M
99.01.05 11:22 A D:\Brian\matlab\oceans\GCINTRP_.M <-- color.mlml.calstate.edu /pub/incoming/brian GCINTRP_.M
99.01.05 11:22 A D:\Brian\matlab\oceans\GCIRCLE_.M <-- color.mlml.calstate.edu /pub/incoming/brian GCIRCLE_.M
99.01.05 11:22 A D:\Brian\matlab\oceans\GCTRACK_.M <-- color.mlml.calstate.edu /pub/incoming/brian GCTRACK_.M
99.01.05 11:22 A D:\Brian\matlab\oceans\GEO2MTH_.M <-- color.mlml.calstate.edu /pub/incoming/brian GEO2MTH_.M
99.01.05 11:22 A D:\Brian\matlab\oceans\geocmps_.m <-- color.mlml.calstate.edu /pub/incoming/brian geocmps_.m
99.01.05 11:22 A D:\Brian\matlab\oceans\GEOPOLR_.M <-- color.mlml.calstate.edu /pub/incoming/brian GEOPOLR_.M
99.01.05 11:22 A D:\Brian\matlab\oceans\hexdump_.m <-- color.mlml.calstate.edu /pub/incoming/brian hexdump_.m
99.01.05 11:22 A D:\Brian\matlab\oceans\HLPDATE_.M <-- color.mlml.calstate.edu /pub/incoming/brian HLPDATE_.M
99.01.05 11:22 A D:\Brian\matlab\oceans\INVMERD_.M <-- color.mlml.calstate.edu /pub/incoming/brian INVMERD_.M
99.01.05 11:22 A D:\Brian\matlab\oceans\isbtset_.m <-- color.mlml.calstate.edu /pub/incoming/brian isbtset_.m
99.01.05 11:22 A D:\Brian\matlab\oceans\Juldate_.m <-- color.mlml.calstate.edu /pub/incoming/brian Juldate_.m
99.01.05 11:22 A D:\Brian\matlab\oceans\JULDAY_.M <-- color.mlml.calstate.edu /pub/incoming/brian JULDAY_.M
99.01.05 11:22 A D:\Brian\matlab\oceans\JULSEC_.M <-- color.mlml.calstate.edu /pub/incoming/brian JULSEC_.M
99.01.05 11:22 A D:\Brian\matlab\oceans\KEDNSTY_.M <-- color.mlml.calstate.edu /pub/incoming/brian KEDNSTY_.M
99.01.05 11:22 A D:\Brian\matlab\oceans\KSIGMAT_.M <-- color.mlml.calstate.edu /pub/incoming/brian KSIGMAT_.M
99.01.05 11:22 A D:\Brian\matlab\oceans\LABSAL_.M <-- color.mlml.calstate.edu /pub/incoming/brian LABSAL_.M
99.01.05 11:22 A D:\Brian\matlab\oceans\LDENSTY_.M <-- color.mlml.calstate.edu /pub/incoming/brian LDENSTY_.M
99.01.05 11:22 A D:\Brian\matlab\oceans\MERIDN1_.M <-- color.mlml.calstate.edu /pub/incoming/brian MERIDN1_.M
99.01.05 11:22 A D:\Brian\matlab\oceans\MERIDN2_.M <-- color.mlml.calstate.edu /pub/incoming/brian MERIDN2_.M
99.01.05 11:22 A D:\Brian\matlab\oceans\MRCTMAP_.M <-- color.mlml.calstate.edu /pub/incoming/brian MRCTMAP_.M
99.01.05 11:22 A D:\Brian\matlab\oceans\MTH2GEO_.M <-- color.mlml.calstate.edu /pub/incoming/brian MTH2GEO_.M
99.01.05 11:22 A D:\Brian\matlab\oceans\NECKLAB_.M <-- color.mlml.calstate.edu /pub/incoming/brian NECKLAB_.M
99.01.05 11:22 A D:\Brian\matlab\oceans\newcontents.m <-- color.mlml.calstate.edu /pub/incoming/brian newcontents.m
99.01.05 11:22 A D:\Brian\matlab\oceans\NOON_.M <-- color.mlml.calstate.edu /pub/incoming/brian NOON_.M
99.01.05 11:22 A D:\Brian\matlab\oceans\NOW_.M <-- color.mlml.calstate.edu /pub/incoming/brian NOW_.M
99.01.05 11:22 A D:\Brian\matlab\oceans\oldcontents.m <-- color.mlml.calstate.edu /pub/incoming/brian oldcontents.m
99.01.05 11:22 A D:\Brian\matlab\oceans\orthlbl_.m <-- color.mlml.calstate.edu /pub/incoming/brian orthlbl_.m
99.01.05 11:22 A D:\Brian\matlab\oceans\orthmap_.m <-- color.mlml.calstate.edu /pub/incoming/brian orthmap_.m
99.01.05 11:22 A D:\Brian\matlab\oceans\orthplt_.m <-- color.mlml.calstate.edu /pub/incoming/brian orthplt_.m
99.01.05 11:22 A D:\Brian\matlab\oceans\OXYSOL_.M <-- color.mlml.calstate.edu /pub/incoming/brian OXYSOL_.M
99.01.05 11:22 A D:\Brian\matlab\oceans\OZONE_.M <-- color.mlml.calstate.edu /pub/incoming/brian OZONE_.M
99.01.05 11:22 A D:\Brian\matlab\oceans\PAR_.M <-- color.mlml.calstate.edu /pub/incoming/brian PAR_.M
99.01.05 11:22 A D:\Brian\matlab\oceans\PLANCK_.M <-- color.mlml.calstate.edu /pub/incoming/brian PLANCK_.M
99.01.05 11:22 A D:\Brian\matlab\oceans\PLIST.M <-- color.mlml.calstate.edu /pub/incoming/brian PLIST.M
99.01.05 11:22 A D:\Brian\matlab\oceans\PLIST2.M <-- color.mlml.calstate.edu /pub/incoming/brian PLIST2.M
99.01.05 11:22 A D:\Brian\matlab\oceans\PLOTFILL.M <-- color.mlml.calstate.edu /pub/incoming/brian PLOTFILL.M
99.01.05 11:22 A D:\Brian\matlab\oceans\PRESRSP_.M <-- color.mlml.calstate.edu /pub/incoming/brian PRESRSP_.M
99.01.05 11:22 A D:\Brian\matlab\oceans\pround_.m <-- color.mlml.calstate.edu /pub/incoming/brian pround_.m
99.01.05 11:22 A D:\Brian\matlab\oceans\QUANTA_.M <-- color.mlml.calstate.edu /pub/incoming/brian QUANTA_.M
99.01.05 11:22 A D:\Brian\matlab\oceans\RAD2DEG_.M <-- color.mlml.calstate.edu /pub/incoming/brian RAD2DEG_.M
99.01.05 11:22 A D:\Brian\matlab\oceans\readeph_.m <-- color.mlml.calstate.edu /pub/incoming/brian readeph_.m
99.01.05 11:22 A D:\Brian\matlab\oceans\rename_.m <-- color.mlml.calstate.edu /pub/incoming/brian rename_.m
99.01.05 11:22 A D:\Brian\matlab\oceans\RHUMBL_.M <-- color.mlml.calstate.edu /pub/incoming/brian RHUMBL_.M
99.01.05 11:22 A D:\Brian\matlab\oceans\RISESET_.M <-- color.mlml.calstate.edu /pub/incoming/brian RISESET_.M
99.01.05 11:22 A D:\Brian\matlab\oceans\RSCFLUR_.M <-- color.mlml.calstate.edu /pub/incoming/brian RSCFLUR_.M
99.01.05 11:22 A D:\Brian\matlab\oceans\SALIN_.M <-- color.mlml.calstate.edu /pub/incoming/brian SALIN_.M
99.01.05 11:22 A D:\Brian\matlab\oceans\SIGMAGR_.M <-- color.mlml.calstate.edu /pub/incoming/brian SIGMAGR_.M
99.01.05 11:22 A D:\Brian\matlab\oceans\SIGMAT_.M <-- color.mlml.calstate.edu /pub/incoming/brian SIGMAT_.M
99.01.05 11:22 A D:\Brian\matlab\oceans\SPCHEAT_.M <-- color.mlml.calstate.edu /pub/incoming/brian SPCHEAT_.M
99.01.05 11:22 A D:\Brian\matlab\oceans\SPDNUM_.M <-- color.mlml.calstate.edu /pub/incoming/brian SPDNUM_.M
99.01.05 11:22 A D:\Brian\matlab\oceans\SUNALT_.M <-- color.mlml.calstate.edu /pub/incoming/brian SUNALT_.M
99.01.05 11:22 A D:\Brian\matlab\oceans\SUNANG2_.M <-- color.mlml.calstate.edu /pub/incoming/brian SUNANG2_.M
99.01.05 11:22 A D:\Brian\matlab\oceans\SUNRISE_.M <-- color.mlml.calstate.edu /pub/incoming/brian SUNRISE_.M
99.01.05 11:22 A D:\Brian\matlab\oceans\SUNSET_.M <-- color.mlml.calstate.edu /pub/incoming/brian SUNSET_.M
99.01.05 11:22 A D:\Brian\matlab\oceans\SVEL_.M <-- color.mlml.calstate.edu /pub/incoming/brian SVEL_.M
99.01.05 11:22 A D:\Brian\matlab\oceans\T2C_.M <-- color.mlml.calstate.edu /pub/incoming/brian T2C_.M
99.01.05 11:23 A D:\Brian\matlab\oceans\TAUOZON_.M <-- color.mlml.calstate.edu /pub/incoming/brian TAUOZON_.M
99.01.05 11:23 A D:\Brian\matlab\oceans\TAURAY1_.M <-- color.mlml.calstate.edu /pub/incoming/brian TAURAY1_.M
99.01.05 11:23 A D:\Brian\matlab\oceans\TAURAY2_.M <-- color.mlml.calstate.edu /pub/incoming/brian TAURAY2_.M
99.01.05 11:23 A D:\Brian\matlab\oceans\TAURAY_.M <-- color.mlml.calstate.edu /pub/incoming/brian TAURAY_.M
99.01.05 11:23 A D:\Brian\matlab\oceans\THETA_.M <-- color.mlml.calstate.edu /pub/incoming/brian THETA_.M
99.01.05 11:23 A D:\Brian\matlab\oceans\TIDECST_.M <-- color.mlml.calstate.edu /pub/incoming/brian TIDECST_.M
99.01.05 11:23 A D:\Brian\matlab\oceans\TIDEGBL_.M <-- color.mlml.calstate.edu /pub/incoming/brian TIDEGBL_.M
99.01.05 11:23 A D:\Brian\matlab\oceans\TIDEPHS_.M <-- color.mlml.calstate.edu /pub/incoming/brian TIDEPHS_.M
99.01.05 11:23 A D:\Brian\matlab\oceans\TIDESTNS.MLD <-- color.mlml.calstate.edu /pub/incoming/brian TIDESTNS.MLD
99.01.05 11:23 A D:\Brian\matlab\oceans\TIMEPK_.M <-- color.mlml.calstate.edu /pub/incoming/brian TIMEPK_.M
99.01.05 11:23 A D:\Brian\matlab\oceans\TIMESNC_.M <-- color.mlml.calstate.edu /pub/incoming/brian TIMESNC_.M
99.01.05 11:23 A D:\Brian\matlab\oceans\TIMEUPK_.M <-- color.mlml.calstate.edu /pub/incoming/brian TIMEUPK_.M
99.01.05 11:23 A D:\Brian\matlab\oceans\VECTAVG_.M <-- color.mlml.calstate.edu /pub/incoming/brian VECTAVG_.M
99.01.05 11:23 A D:\Brian\matlab\oceans\WILSON_.M <-- color.mlml.calstate.edu /pub/incoming/brian WILSON_.M
99.01.05 11:23 A D:\Brian\matlab\oceans\worldmap.m <-- color.mlml.calstate.edu /pub/incoming/brian worldmap.m
99.01.05 11:23 A D:\Brian\matlab\oceans\wrldmap.m <-- color.mlml.calstate.edu /pub/incoming/brian wrldmap.m
